#
# There is insufficient memory for the Java Runtime Environment to continue.
# Native memory allocation (malloc) failed to allocate 1250416 bytes for Chunk::new
# Possible reasons:
#   The system is out of physical RAM or swap space
#   In 32 bit mode, the process size limit was hit
# Possible solutions:
#   Reduce memory load on the system
#   Increase physical memory or swap space
#   Check if swap backing store is full
#   Use 64 bit Java on a 64 bit OS
#   Decrease Java heap size (-Xmx/-Xms)
#   Decrease number of Java threads
#   Decrease Java thread stack sizes (-Xss)
#   Set larger code cache with -XX:ReservedCodeCacheSize=
# This output file may be truncated or incomplete.
#
#  Out of Memory Error (allocation.cpp:390), pid=10232, tid=1156
#
# JRE version: Java(TM) SE Runtime Environment (8.0_91-b14) (build 1.8.0_91-b14)
# Java VM: Java HotSpot(TM) 64-Bit Server VM (25.91-b14 mixed mode windows-amd64 compressed oops)
# Failed to write core dump. Minidumps are not enabled by default on client versions of Windows
#

---------------  T H R E A D  ---------------

Current thread (0x000000001491c000):  JavaThread "C2 CompilerThread0" daemon [_thread_in_native, id=1156, stack(0x0000000015f90000,0x0000000016090000)]

Stack: [0x0000000015f90000,0x0000000016090000]
[error occurred during error reporting (printing stack bounds), id 0xc0000005]

Native frames: (J=compiled Java code, j=interpreted, Vv=VM code, C=native code)


Current CompileTask:
C2:  14061 1703       4       com.android.dx.rop.code.LocalVariableExtractor::processBlock (327 bytes)


---------------  P R O C E S S  ---------------

Java Threads: ( => current thread )
  0x000000001643c800 JavaThread "pool-2-thread-3" [_thread_in_Java, id=12812, stack(0x0000000016b90000,0x0000000016c90000)]
  0x0000000016429800 JavaThread "pool-3-thread-1" [_thread_blocked, id=13800, stack(0x0000000016990000,0x0000000016a90000)]
  0x000000001619d000 JavaThread "Service Thread" daemon [_thread_blocked, id=2984, stack(0x0000000016690000,0x0000000016790000)]
  0x0000000016198800 JavaThread "C1 CompilerThread2" daemon [_thread_blocked, id=8368, stack(0x0000000016590000,0x0000000016690000)]
  0x0000000014922000 JavaThread "C2 CompilerThread1" daemon [_thread_in_native, id=7896, stack(0x0000000016090000,0x0000000016190000)]
=>0x000000001491c000 JavaThread "C2 CompilerThread0" daemon [_thread_in_native, id=1156, stack(0x0000000015f90000,0x0000000016090000)]
  0x000000001491a800 JavaThread "Attach Listener" daemon [_thread_blocked, id=1236, stack(0x0000000015e90000,0x0000000015f90000)]
  0x000000001491a000 JavaThread "Signal Dispatcher" daemon [_thread_blocked, id=6876, stack(0x0000000015d90000,0x0000000015e90000)]
  0x000000001490a000 JavaThread "Finalizer" daemon [_thread_blocked, id=9952, stack(0x0000000015b90000,0x0000000015c90000)]
  0x00000000148e9000 JavaThread "Reference Handler" daemon [_thread_blocked, id=9564, stack(0x0000000015a90000,0x0000000015b90000)]
  0x0000000002151000 JavaThread "main" [_thread_blocked, id=5084, stack(0x0000000001e50000,0x0000000001f50000)]

Other Threads:
  0x00000000148e6800 VMThread [stack: 0x0000000015990000,0x0000000015a90000] [id=11748]
  0x00000000161a1800 WatcherThread [stack: 0x0000000016790000,0x0000000016890000] [id=9884]

VM state:not at safepoint (normal execution)

VM Mutex/Monitor currently owned by a thread: None

Heap:
 PSYoungGen      total 68096K, used 46900K [0x00000000eab00000, 0x00000000ef000000, 0x0000000100000000)
  eden space 65536K, 67% used [0x00000000eab00000,0x00000000ed64f860,0x00000000eeb00000)
  from space 2560K, 99% used [0x00000000eeb00000,0x00000000eed7d838,0x00000000eed80000)
  to   space 2560K, 0% used [0x00000000eed80000,0x00000000eed80000,0x00000000ef000000)
 ParOldGen       total 44032K, used 24192K [0x00000000c0000000, 0x00000000c2b00000, 0x00000000eab00000)
  object space 44032K, 54% used [0x00000000c0000000,0x00000000c17a0048,0x00000000c2b00000)
 Metaspace       used 6384K, capacity 7192K, committed 7424K, reserved 1056768K
  class space    used 625K, capacity 656K, committed 768K, reserved 1048576K

Card table byte_map: [0x0000000011610000,0x0000000011820000] byte_map_base: 0x0000000011010000

Marking Bits: (ParMarkBitMap*) 0x0000000066f02f70
 Begin Bits: [0x0000000011d80000, 0x0000000012d80000)
 End Bits:   [0x0000000012d80000, 0x0000000013d80000)

Polling page: 0x00000000008a0000

CodeCache: size=245760Kb used=7901Kb max_used=7901Kb free=237858Kb
 bounds [0x0000000002250000, 0x0000000002a10000, 0x0000000011250000]
 total_blobs=2033 nmethods=1763 adapters=182
 compilation: enabled

Compilation events (10 events):
Event: 13.244 Thread 0x0000000016198800 1737       2       com.android.dx.rop.code.RegisterSpecList::withoutLast (60 bytes)
Event: 13.244 Thread 0x0000000016198800 nmethod 1737 0x00000000029d0b90 code [0x00000000029d0d60, 0x00000000029d1348]
Event: 13.584 Thread 0x0000000016198800 1738       2       com.android.dx.rop.cst.CstLiteral32::getLongBits (6 bytes)
Event: 13.584 Thread 0x0000000016198800 nmethod 1738 0x000000000299a310 code [0x000000000299a460, 0x000000000299a5b0]
Event: 13.605 Thread 0x0000000016198800 1741       2       com.android.dx.dex.code.SimpleInsn::<init> (8 bytes)
Event: 13.605 Thread 0x0000000016198800 nmethod 1741 0x00000000029d0810 code [0x00000000029d0980, 0x00000000029d0ae8]
Event: 13.607 Thread 0x0000000016198800 1742       2       java.util.Vector::grow (57 bytes)
Event: 13.608 Thread 0x0000000016198800 nmethod 1742 0x00000000029d0250 code [0x00000000029d03c0, 0x00000000029d0658]
Event: 13.622 Thread 0x0000000014922000 nmethod 1710 0x00000000029e95d0 code [0x00000000029e9840, 0x00000000029eb828]
Event: 13.622 Thread 0x0000000014922000 1740       4       com.android.dx.ssa.LiteralOpUpgrader::tryReplacingWithConstant (161 bytes)

GC Heap History (10 events):
Event: 5.811 GC heap before
{Heap before GC invocations=1 (full 0):
 PSYoungGen      total 18944K, used 16384K [0x00000000eab00000, 0x00000000ec000000, 0x0000000100000000)
  eden space 16384K, 100% used [0x00000000eab00000,0x00000000ebb00000,0x00000000ebb00000)
  from space 2560K, 0% used [0x00000000ebd80000,0x00000000ebd80000,0x00000000ec000000)
  to   space 2560K, 0% used [0x00000000ebb00000,0x00000000ebb00000,0x00000000ebd80000)
 ParOldGen       total 44032K, used 0K [0x00000000c0000000, 0x00000000c2b00000, 0x00000000eab00000)
  object space 44032K, 0% used [0x00000000c0000000,0x00000000c0000000,0x00000000c2b00000)
 Metaspace       used 5816K, capacity 6770K, committed 7040K, reserved 1056768K
  class space    used 598K, capacity 618K, committed 640K, reserved 1048576K
Event: 6.684 GC heap after
Heap after GC invocations=1 (full 0):
 PSYoungGen      total 18944K, used 2551K [0x00000000eab00000, 0x00000000ed000000, 0x0000000100000000)
  eden space 16384K, 0% used [0x00000000eab00000,0x00000000eab00000,0x00000000ebb00000)
  from space 2560K, 99% used [0x00000000ebb00000,0x00000000ebd7dc98,0x00000000ebd80000)
  to   space 2560K, 0% used [0x00000000ecd80000,0x00000000ecd80000,0x00000000ed000000)
 ParOldGen       total 44032K, used 1346K [0x00000000c0000000, 0x00000000c2b00000, 0x00000000eab00000)
  object space 44032K, 3% used [0x00000000c0000000,0x00000000c01508d8,0x00000000c2b00000)
 Metaspace       used 5816K, capacity 6770K, committed 7040K, reserved 1056768K
  class space    used 598K, capacity 618K, committed 640K, reserved 1048576K
}
Event: 9.127 GC heap before
{Heap before GC invocations=2 (full 0):
 PSYoungGen      total 18944K, used 18935K [0x00000000eab00000, 0x00000000ed000000, 0x0000000100000000)
  eden space 16384K, 100% used [0x00000000eab00000,0x00000000ebb00000,0x00000000ebb00000)
  from space 2560K, 99% used [0x00000000ebb00000,0x00000000ebd7dc98,0x00000000ebd80000)
  to   space 2560K, 0% used [0x00000000ecd80000,0x00000000ecd80000,0x00000000ed000000)
 ParOldGen       total 44032K, used 1346K [0x00000000c0000000, 0x00000000c2b00000, 0x00000000eab00000)
  object space 44032K, 3% used [0x00000000c0000000,0x00000000c01508d8,0x00000000c2b00000)
 Metaspace       used 6066K, capacity 6962K, committed 7040K, reserved 1056768K
  class space    used 600K, capacity 618K, committed 640K, reserved 1048576K
Event: 9.405 GC heap after
Heap after GC invocations=2 (full 0):
 PSYoungGen      total 35328K, used 2535K [0x00000000eab00000, 0x00000000ed000000, 0x0000000100000000)
  eden space 32768K, 0% used [0x00000000eab00000,0x00000000eab00000,0x00000000ecb00000)
  from space 2560K, 99% used [0x00000000ecd80000,0x00000000ecff9c78,0x00000000ed000000)
  to   space 2560K, 0% used [0x00000000ecb00000,0x00000000ecb00000,0x00000000ecd80000)
 ParOldGen       total 44032K, used 3660K [0x00000000c0000000, 0x00000000c2b00000, 0x00000000eab00000)
  object space 44032K, 8% used [0x00000000c0000000,0x00000000c0393148,0x00000000c2b00000)
 Metaspace       used 6066K, capacity 6962K, committed 7040K, reserved 1056768K
  class space    used 600K, capacity 618K, committed 640K, reserved 1048576K
}
Event: 10.913 GC heap before
{Heap before GC invocations=3 (full 0):
 PSYoungGen      total 35328K, used 35303K [0x00000000eab00000, 0x00000000ed000000, 0x0000000100000000)
  eden space 32768K, 100% used [0x00000000eab00000,0x00000000ecb00000,0x00000000ecb00000)
  from space 2560K, 99% used [0x00000000ecd80000,0x00000000ecff9c78,0x00000000ed000000)
  to   space 2560K, 0% used [0x00000000ecb00000,0x00000000ecb00000,0x00000000ecd80000)
 ParOldGen       total 44032K, used 3660K [0x00000000c0000000, 0x00000000c2b00000, 0x00000000eab00000)
  object space 44032K, 8% used [0x00000000c0000000,0x00000000c0393148,0x00000000c2b00000)
 Metaspace       used 6197K, capacity 7090K, committed 7296K, reserved 1056768K
  class space    used 602K, capacity 618K, committed 640K, reserved 1048576K
Event: 10.983 GC heap after
Heap after GC invocations=3 (full 0):
 PSYoungGen      total 35328K, used 2552K [0x00000000eab00000, 0x00000000ef000000, 0x0000000100000000)
  eden space 32768K, 0% used [0x00000000eab00000,0x00000000eab00000,0x00000000ecb00000)
  from space 2560K, 99% used [0x00000000ecb00000,0x00000000ecd7e358,0x00000000ecd80000)
  to   space 2560K, 0% used [0x00000000eed80000,0x00000000eed80000,0x00000000ef000000)
 ParOldGen       total 44032K, used 9343K [0x00000000c0000000, 0x00000000c2b00000, 0x00000000eab00000)
  object space 44032K, 21% used [0x00000000c0000000,0x00000000c091ffd8,0x00000000c2b00000)
 Metaspace       used 6197K, capacity 7090K, committed 7296K, reserved 1056768K
  class space    used 602K, capacity 618K, committed 640K, reserved 1048576K
}
Event: 12.248 GC heap before
{Heap before GC invocations=4 (full 0):
 PSYoungGen      total 35328K, used 35320K [0x00000000eab00000, 0x00000000ef000000, 0x0000000100000000)
  eden space 32768K, 100% used [0x00000000eab00000,0x00000000ecb00000,0x00000000ecb00000)
  from space 2560K, 99% used [0x00000000ecb00000,0x00000000ecd7e358,0x00000000ecd80000)
  to   space 2560K, 0% used [0x00000000eed80000,0x00000000eed80000,0x00000000ef000000)
 ParOldGen       total 44032K, used 9343K [0x00000000c0000000, 0x00000000c2b00000, 0x00000000eab00000)
  object space 44032K, 21% used [0x00000000c0000000,0x00000000c091ffd8,0x00000000c2b00000)
 Metaspace       used 6327K, capacity 7128K, committed 7424K, reserved 1056768K
  class space    used 624K, capacity 656K, committed 768K, reserved 1048576K
Event: 12.302 GC heap after
Heap after GC invocations=4 (full 0):
 PSYoungGen      total 68096K, used 2541K [0x00000000eab00000, 0x00000000ef000000, 0x0000000100000000)
  eden space 65536K, 0% used [0x00000000eab00000,0x00000000eab00000,0x00000000eeb00000)
  from space 2560K, 99% used [0x00000000eed80000,0x00000000eeffb428,0x00000000ef000000)
  to   space 2560K, 0% used [0x00000000eeb00000,0x00000000eeb00000,0x00000000eed80000)
 ParOldGen       total 44032K, used 14802K [0x00000000c0000000, 0x00000000c2b00000, 0x00000000eab00000)
  object space 44032K, 33% used [0x00000000c0000000,0x00000000c0e74be8,0x00000000c2b00000)
 Metaspace       used 6327K, capacity 7128K, committed 7424K, reserved 1056768K
  class space    used 624K, capacity 656K, committed 768K, reserved 1048576K
}
Event: 13.333 GC heap before
{Heap before GC invocations=5 (full 0):
 PSYoungGen      total 68096K, used 68077K [0x00000000eab00000, 0x00000000ef000000, 0x0000000100000000)
  eden space 65536K, 100% used [0x00000000eab00000,0x00000000eeb00000,0x00000000eeb00000)
  from space 2560K, 99% used [0x00000000eed80000,0x00000000eeffb428,0x00000000ef000000)
  to   space 2560K, 0% used [0x00000000eeb00000,0x00000000eeb00000,0x00000000eed80000)
 ParOldGen       total 44032K, used 14802K [0x00000000c0000000, 0x00000000c2b00000, 0x00000000eab00000)
  object space 44032K, 33% used [0x00000000c0000000,0x00000000c0e74be8,0x00000000c2b00000)
 Metaspace       used 6362K, capacity 7192K, committed 7424K, reserved 1056768K
  class space    used 624K, capacity 656K, committed 768K, reserved 1048576K
Event: 13.581 GC heap after
Heap after GC invocations=5 (full 0):
 PSYoungGen      total 68096K, used 2550K [0x00000000eab00000, 0x00000000ef000000, 0x0000000100000000)
  eden space 65536K, 0% used [0x00000000eab00000,0x00000000eab00000,0x00000000eeb00000)
  from space 2560K, 99% used [0x00000000eeb00000,0x00000000eed7d838,0x00000000eed80000)
  to   space 2560K, 0% used [0x00000000eed80000,0x00000000eed80000,0x00000000ef000000)
 ParOldGen       total 44032K, used 24192K [0x00000000c0000000, 0x00000000c2b00000, 0x00000000eab00000)
  object space 44032K, 54% used [0x00000000c0000000,0x00000000c17a0048,0x00000000c2b00000)
 Metaspace       used 6362K, capacity 7192K, committed 7424K, reserved 1056768K
  class space    used 624K, capacity 656K, committed 768K, reserved 1048576K
}

Deoptimization events (10 events):
Event: 11.479 Thread 0x000000001643c800 Uncommon trap: reason=unstable_if action=reinterpret pc=0x0000000002666b28 method=java.util.HashMap.putVal(ILjava/lang/Object;Ljava/lang/Object;ZZ)Ljava/lang/Object; @ 162
Event: 11.480 Thread 0x000000001643c800 Uncommon trap: reason=unstable_if action=reinterpret pc=0x0000000002809e58 method=java.util.HashMap.getNode(ILjava/lang/Object;)Ljava/util/HashMap$Node; @ 84
Event: 11.505 Thread 0x0000000002151000 Uncommon trap: reason=unstable_if action=reinterpret pc=0x000000000260fd4c method=java.util.HashMap.putVal(ILjava/lang/Object;Ljava/lang/Object;ZZ)Ljava/lang/Object; @ 109
Event: 12.462 Thread 0x000000001643c800 Uncommon trap: reason=bimorphic action=maybe_recompile pc=0x00000000027d516c method=com.android.dx.ssa.LiteralOpUpgrader.tryReplacingWithConstant(Lcom/android/dx/ssa/NormalSsaInsn;)Z @ 52
Event: 12.486 Thread 0x000000001643c800 Uncommon trap: reason=unstable_if action=reinterpret pc=0x00000000028b069c method=java.util.HashMap.resize()[Ljava/util/HashMap$Node; @ 206
Event: 12.534 Thread 0x0000000002151000 Uncommon trap: reason=bimorphic action=maybe_recompile pc=0x000000000297999c method=com.android.dx.cf.code.BytecodeArray.parseInstruction(ILcom/android/dx/cf/code/BytecodeArray$Visitor;)I @ 2484
Event: 12.535 Thread 0x0000000002151000 Uncommon trap: reason=bimorphic action=maybe_recompile pc=0x000000000297999c method=com.android.dx.cf.code.BytecodeArray.parseInstruction(ILcom/android/dx/cf/code/BytecodeArray$Visitor;)I @ 2484
Event: 12.540 Thread 0x0000000002151000 Uncommon trap: reason=unstable_if action=reinterpret pc=0x000000000294a9cc method=com.android.dx.ssa.LocalVariableExtractor.processBlock(I)V @ 251
Event: 12.967 Thread 0x000000001643d800 Uncommon trap: reason=bimorphic action=maybe_recompile pc=0x00000000027d516c method=com.android.dx.ssa.LiteralOpUpgrader.tryReplacingWithConstant(Lcom/android/dx/ssa/NormalSsaInsn;)Z @ 52
Event: 13.230 Thread 0x0000000016424000 Uncommon trap: reason=bimorphic action=maybe_recompile pc=0x0000000002782064 method=com.android.dx.ssa.LiteralOpUpgrader.tryReplacingWithConstant(Lcom/android/dx/ssa/NormalSsaInsn;)Z @ 52

Internal exceptions (6 events):
Event: 0.268 Thread 0x0000000002151000 Exception <a 'java/lang/NoSuchMethodError': Method sun.misc.Unsafe.defineClass(Ljava/lang/String;[BII)Ljava/lang/Class; name or signature does not match> (0x00000000eab07cc0) thrown at [C:\re\workspace\8-2-build-windows-amd64-cygwin\jdk8u91\6644\hotspot\srú!ÎÞ8)Ñ?
Event: 0.268 Thread 0x0000000002151000 Exception <a 'java/lang/NoSuchMethodError': Method sun.misc.Unsafe.prefetchRead(Ljava/lang/Object;J)V name or signature does not match> (0x00000000eab07fa8) thrown at [C:\re\workspace\8-2-build-windows-amd64-cygwin\jdk8u91\6644\hotspot\src\share\vm\prims\j(Ùf,.%@
Event: 10.590 Thread 0x0000000002151000 Implicit null exception at 0x00000000025e4275 to 0x00000000025e5b35
Event: 11.477 Thread 0x000000001643c800 Exception <a 'java/lang/ArrayIndexOutOfBoundsException': 18> (0x00000000ebf01c50) thrown at [C:\re\workspace\8-2-build-windows-amd64-cygwin\jdk8u91\6644\hotspot\src\share\vm\interpreter\interpreterRuntime.cpp, line 366]
Event: 11.478 Thread 0x000000001643c800 Exception <a 'java/lang/ArrayIndexOutOfBoundsException'> (0x00000000ebf037d0) thrown at [C:\re\workspace\8-2-build-windows-amd64-cygwin\jdk8u91\6644\hotspot\src\share\vm\runtime\sharedRuntime.cpp, line 605]
Event: 11.478 Thread 0x000000001643c800 Exception <a 'java/lang/ArrayIndexOutOfBoundsException'> (0x00000000ebf04ab8) thrown at [C:\re\workspace\8-2-build-windows-amd64-cygwin\jdk8u91\6644\hotspot\src\share\vm\runtime\sharedRuntime.cpp, line 605]

Events (10 events):
Event: 12.967 Thread 0x000000001643d800 Uncommon trap: trap_request=0xffffffc6 fr.pc=0x00000000027d516c
Event: 12.967 Thread 0x000000001643d800 DEOPT PACKING pc=0x00000000027d516c sp=0x0000000016d8e940
Event: 12.967 Thread 0x000000001643d800 DEOPT UNPACKING pc=0x000000000229582a sp=0x0000000016d8e828 mode 2
Event: 12.985 Thread 0x000000001643d800 DEOPT PACKING pc=0x0000000002922f99 sp=0x0000000016d8e830
Event: 12.985 Thread 0x000000001643d800 DEOPT UNPACKING pc=0x000000000229787f sp=0x0000000016d8e528 mode 0
Event: 13.229 Thread 0x0000000016424000 Uncommon trap: trap_request=0xffffffc6 fr.pc=0x0000000002782064
Event: 13.230 Thread 0x0000000016424000 DEOPT PACKING pc=0x0000000002782064 sp=0x000000001698e6d0
Event: 13.230 Thread 0x0000000016424000 DEOPT UNPACKING pc=0x000000000229582a sp=0x000000001698e670 mode 2
Event: 13.250 Executing VM operation: ParallelGCFailedAllocation
Event: 13.581 Executing VM operation: ParallelGCFailedAllocation done


Dynamic libraries:
0x00007ff7e74c0000 - 0x00007ff7e74f7000 	C:\Program Files\Java\jdk1.8.0_91\bin\java.exe
0x00007ffe10570000 - 0x00007ffe10731000 	C:\WINDOWS\SYSTEM32\ntdll.dll
0x00007ffe0fba0000 - 0x00007ffe0fc4d000 	C:\WINDOWS\system32\KERNEL32.DLL
0x00007ffe0cd20000 - 0x00007ffe0cf08000 	C:\WINDOWS\system32\KERNELBASE.dll
0x00007ffe10020000 - 0x00007ffe100c7000 	C:\WINDOWS\system32\ADVAPI32.dll
0x00007ffe0d970000 - 0x00007ffe0da0d000 	C:\WINDOWS\system32\msvcrt.dll
0x00007ffe0feb0000 - 0x00007ffe0ff0b000 	C:\WINDOWS\system32\sechost.dll
0x00007ffe0f910000 - 0x00007ffe0fa2c000 	C:\WINDOWS\system32\RPCRT4.dll
0x00007ffe0f7b0000 - 0x00007ffe0f906000 	C:\WINDOWS\system32\USER32.dll
0x00007ffe0da20000 - 0x00007ffe0dba6000 	C:\WINDOWS\system32\GDI32.dll
0x00007ffdfb570000 - 0x00007ffdfb7e4000 	C:\WINDOWS\WinSxS\amd64_microsoft.windows.common-controls_6595b64144ccf1df_6.0.10586.0_none_8c15ae12515e1c22\COMCTL32.dll
0x00007ffe10140000 - 0x00007ffe103bd000 	C:\WINDOWS\system32\combase.dll
0x00007ffe0d7c0000 - 0x00007ffe0d82a000 	C:\WINDOWS\system32\bcryptPrimitives.dll
0x00007ffe0e1f0000 - 0x00007ffe0e22b000 	C:\WINDOWS\system32\IMM32.DLL
0x0000000065e90000 - 0x0000000065f62000 	C:\Program Files\Java\jdk1.8.0_91\jre\bin\msvcr100.dll
0x00000000666f0000 - 0x0000000066f83000 	C:\Program Files\Java\jdk1.8.0_91\jre\bin\server\jvm.dll
0x00007ffe0fb90000 - 0x00007ffe0fb98000 	C:\WINDOWS\system32\PSAPI.DLL
0x00007ffdf6d00000 - 0x00007ffdf6d09000 	C:\WINDOWS\SYSTEM32\WSOCK32.dll
0x00007ffe100d0000 - 0x00007ffe1013b000 	C:\WINDOWS\system32\WS2_32.dll
0x00007ffe0adb0000 - 0x00007ffe0add3000 	C:\WINDOWS\SYSTEM32\WINMM.dll
0x00007ffe030e0000 - 0x00007ffe030ea000 	C:\WINDOWS\SYSTEM32\VERSION.dll
0x00007ffe0ad10000 - 0x00007ffe0ad3c000 	C:\WINDOWS\SYSTEM32\WINMMBASE.dll
0x00007ffe0ccd0000 - 0x00007ffe0cd13000 	C:\WINDOWS\system32\cfgmgr32.dll
0x00000000666e0000 - 0x00000000666ef000 	C:\Program Files\Java\jdk1.8.0_91\jre\bin\verify.dll
0x00000000666b0000 - 0x00000000666d9000 	C:\Program Files\Java\jdk1.8.0_91\jre\bin\java.dll
0x0000000066690000 - 0x00000000666a6000 	C:\Program Files\Java\jdk1.8.0_91\jre\bin\zip.dll
0x00007ffe0e230000 - 0x00007ffe0f78c000 	C:\WINDOWS\system32\SHELL32.dll
0x00007ffe0cfa0000 - 0x00007ffe0d5e4000 	C:\WINDOWS\system32\windows.storage.dll
0x00007ffe0fc50000 - 0x00007ffe0fca2000 	C:\WINDOWS\system32\shlwapi.dll
0x00007ffe0cc10000 - 0x00007ffe0cc1f000 	C:\WINDOWS\system32\kernel.appcore.dll
0x00007ffe0d8b0000 - 0x00007ffe0d965000 	C:\WINDOWS\system32\shcore.dll
0x00007ffe0cb90000 - 0x00007ffe0cbdb000 	C:\WINDOWS\system32\powrprof.dll
0x00007ffe0cbf0000 - 0x00007ffe0cc04000 	C:\WINDOWS\system32\profapi.dll

VM Arguments:
jvm_args: -Djava.awt.headless=true -Xmx1024M -Dfile.encoding=windows-1252 -Duser.country=BR -Duser.language=pt -Duser.variant 
java_command: com.android.dx.command.Main --dex --force-jumbo --num-threads=4 --multi-dex --output C:\Users\Armando\AndroidStudioProjects\LayoutCardView\app\build\intermediates\transforms\dex\debug\folders\1000\10\com.android.support-recyclerview-v7-23.4.0_6696e952b3e75a316b4e6299a38cec750bbc456f C:\Users\Armando\AndroidStudioProjects\LayoutCardView\app\build\intermediates\exploded-aar\com.android.support\recyclerview-v7\23.4.0\jars\classes.jar
java_class_path (initial): C:\Users\Armando\AppData\Local\Android\sdk\build-tools\23.0.3\lib\dx.jar
Launcher Type: SUN_STANDARD

Environment Variables:
JAVA_HOME=C:\Program Files (x86)\Java\jre1.8.0_91
PATH=C:\ProgramData\Oracle\Java\javapath;C:\WINDOWS\system32;C:\WINDOWS;C:\WINDOWS\System32\Wbem;C:\WINDOWS\System32\WindowsPowerShell\v1.0\;C:\Program Files (x86)\Skype\Phone\;C:\Program Files (x86)\QuickTime\QTSystem\;C:\Program Files (x86)\Windows Live\Shared;C:\Program Files\VisualSVN Server\bin;C:\Program Files (x86)\Google\Chrome\Application;C:\ProgramData\Oracle\Java\javapath;C:\WINDOWS\system32;C:\WINDOWS;C:\WINDOWS\System32\Wbem;C:\WINDOWS\System32\WindowsPowerShell\v1.0\;C:\Program Files (x86)\Skype\Phone\;C:\Program Files (x86)\QuickTime\QTSystem\;C:\Program Files (x86)\Windows Live\Shared;C:\Program Files\VisualSVN Server\bin;C:\Program Files\Microsoft Office\root\Client
USERNAME=Armando
OS=Windows_NT
PROCESSOR_IDENTIFIER=Intel64 Family 6 Model 69 Stepping 1, GenuineIntel



---------------  S Y S T E M  ---------------

OS: Windows 10.0 , 64 bit Build 10586 (10.0.10586.0)

CPU:total 4 (2 cores per cpu, 2 threads per core) family 6 model 69 stepping 1, cmov, cx8, fxsr, mmx, sse, sse2, sse3, ssse3, sse4.1, sse4.2, popcnt, avx, avx2, aes, clmul, erms, lzcnt, ht, tsc, tscinvbit, bmi1, bmi2

Memory: 4k page, physical 4112424k(366980k free), swap 10190704k(1588k free)

vm_info: Java HotSpot(TM) 64-Bit Server VM (25.91-b14) for windows-amd64 JRE (1.8.0_91-b14), built on Apr  1 2016 00:58:32 by "java_re" with MS VC++ 10.0 (VS2010)

time: Wed Jun 01 22:50:20 2016
elapsed time: 14 seconds (0d 0h 0m 14s)

