#
# There is insufficient memory for the Java Runtime Environment to continue.
# Native memory allocation (malloc) failed to allocate 1595136 bytes for Chunk::new
# Possible reasons:
#   The system is out of physical RAM or swap space
#   In 32 bit mode, the process size limit was hit
# Possible solutions:
#   Reduce memory load on the system
#   Increase physical memory or swap space
#   Check if swap backing store is full
#   Use 64 bit Java on a 64 bit OS
#   Decrease Java heap size (-Xmx/-Xms)
#   Decrease number of Java threads
#   Decrease Java thread stack sizes (-Xss)
#   Set larger code cache with -XX:ReservedCodeCacheSize=
# This output file may be truncated or incomplete.
#
#  Out of Memory Error (allocation.cpp:390), pid=5456, tid=11124
#
# JRE version: Java(TM) SE Runtime Environment (8.0_91-b14) (build 1.8.0_91-b14)
# Java VM: Java HotSpot(TM) 64-Bit Server VM (25.91-b14 mixed mode windows-amd64 compressed oops)
# Failed to write core dump. Minidumps are not enabled by default on client versions of Windows
#

---------------  T H R E A D  ---------------

Current thread (0x00000000148d3800):  JavaThread "C2 CompilerThread1" daemon [_thread_in_native, id=11124, stack(0x0000000015fe0000,0x00000000160e0000)]

Stack: [0x0000000015fe0000,0x00000000160e0000]
[error occurred during error reporting (printing stack bounds), id 0xc0000005]

Native frames: (J=compiled Java code, j=interpreted, Vv=VM code, C=native code)


Current CompileTask:
C2:  19827 2355       4       com.android.dx.dex.code.DalvCode::finishProcessingIfNecessary (69 bytes)


---------------  P R O C E S S  ---------------

Java Threads: ( => current thread )
  0x00000000161e5000 JavaThread "Service Thread" daemon [_thread_blocked, id=9528, stack(0x00000000165e0000,0x00000000166e0000)]
  0x00000000148de000 JavaThread "C1 CompilerThread2" daemon [_thread_blocked, id=6024, stack(0x00000000160e0000,0x00000000161e0000)]
=>0x00000000148d3800 JavaThread "C2 CompilerThread1" daemon [_thread_in_native, id=11124, stack(0x0000000015fe0000,0x00000000160e0000)]
  0x000000001487c000 JavaThread "C2 CompilerThread0" daemon [_thread_blocked, id=10164, stack(0x0000000015ee0000,0x0000000015fe0000)]
  0x000000001487b000 JavaThread "Attach Listener" daemon [_thread_blocked, id=12844, stack(0x0000000015de0000,0x0000000015ee0000)]
  0x0000000014879800 JavaThread "Signal Dispatcher" daemon [_thread_blocked, id=11776, stack(0x0000000015ce0000,0x0000000015de0000)]
  0x000000001486a800 JavaThread "Finalizer" daemon [_thread_blocked, id=8016, stack(0x0000000015ad0000,0x0000000015bd0000)]
  0x000000000217f000 JavaThread "Reference Handler" daemon [_thread_blocked, id=8024, stack(0x00000000159d0000,0x0000000015ad0000)]
  0x0000000002091000 JavaThread "main" [_thread_in_native, id=5052, stack(0x0000000001e90000,0x0000000001f90000)]

Other Threads:
  0x0000000014847800 VMThread [stack: 0x00000000158d0000,0x00000000159d0000] [id=13376]
  0x00000000161fb800 WatcherThread [stack: 0x00000000166e0000,0x00000000167e0000] [id=7000]

VM state:not at safepoint (normal execution)

VM Mutex/Monitor currently owned by a thread: None

Heap:
 PSYoungGen      total 73728K, used 29555K [0x00000000eab00000, 0x00000000f4500000, 0x0000000100000000)
  eden space 65024K, 32% used [0x00000000eab00000,0x00000000ebf60170,0x00000000eea80000)
  from space 8704K, 99% used [0x00000000eea80000,0x00000000ef2fce60,0x00000000ef300000)
  to   space 13824K, 0% used [0x00000000f3780000,0x00000000f3780000,0x00000000f4500000)
 ParOldGen       total 44032K, used 22130K [0x00000000c0000000, 0x00000000c2b00000, 0x00000000eab00000)
  object space 44032K, 50% used [0x00000000c0000000,0x00000000c159cb88,0x00000000c2b00000)
 Metaspace       used 7107K, capacity 7640K, committed 7936K, reserved 1056768K
  class space    used 676K, capacity 720K, committed 768K, reserved 1048576K

Card table byte_map: [0x0000000011550000,0x0000000011760000] byte_map_base: 0x0000000010f50000

Marking Bits: (ParMarkBitMap*) 0x0000000066f02f70
 Begin Bits: [0x0000000011cc0000, 0x0000000012cc0000)
 End Bits:   [0x0000000012cc0000, 0x0000000013cc0000)

Polling page: 0x0000000001e50000

CodeCache: size=245760Kb used=8550Kb max_used=10769Kb free=237209Kb
 bounds [0x0000000002190000, 0x0000000002c20000, 0x0000000011190000]
 total_blobs=2337 nmethods=2060 adapters=189
 compilation: enabled

Compilation events (10 events):
Event: 19.699 Thread 0x00000000148de000 nmethod 2486 0x00000000022cc2d0 code [0x00000000022cc4c0, 0x00000000022ccda8]
Event: 19.699 Thread 0x000000001487c000 nmethod 2428 0x00000000023b9b90 code [0x00000000023b9cc0, 0x00000000023b9d38]
Event: 19.699 Thread 0x00000000148de000 2487       3       sun.security.provider.ByteArrayAccess::b2iBig64 (614 bytes)
Event: 19.700 Thread 0x000000001487c000 2488 %     4       sun.security.provider.SHA::implCompress @ 12 (491 bytes)
Event: 19.701 Thread 0x00000000148de000 nmethod 2487 0x000000000246cc10 code [0x000000000246ce20, 0x000000000246dbe8]
Event: 19.729 Thread 0x000000001487c000 nmethod 2488% 0x00000000025199d0 code [0x0000000002519b20, 0x000000000251a5f8]
Event: 19.732 Thread 0x000000001487c000 2489 %     4       sun.security.provider.SHA::implCompress @ 364 (491 bytes)
Event: 19.739 Thread 0x000000001487c000 nmethod 2489% 0x0000000002519290 code [0x00000000025193e0, 0x00000000025197b8]
Event: 19.739 Thread 0x000000001487c000 2490 %     4       sun.security.provider.SHA::implCompress @ 203 (491 bytes)
Event: 19.756 Thread 0x000000001487c000 nmethod 2490% 0x0000000002970e90 code [0x0000000002970fe0, 0x0000000002971738]

GC Heap History (10 events):
Event: 11.580 GC heap before
{Heap before GC invocations=3 (full 0):
 PSYoungGen      total 18944K, used 18912K [0x00000000eab00000, 0x00000000ed000000, 0x0000000100000000)
  eden space 16384K, 100% used [0x00000000eab00000,0x00000000ebb00000,0x00000000ebb00000)
  from space 2560K, 98% used [0x00000000ebd80000,0x00000000ebff8018,0x00000000ec000000)
  to   space 2560K, 0% used [0x00000000ebb00000,0x00000000ebb00000,0x00000000ebd80000)
 ParOldGen       total 44032K, used 3748K [0x00000000c0000000, 0x00000000c2b00000, 0x00000000eab00000)
  object space 44032K, 8% used [0x00000000c0000000,0x00000000c03a9208,0x00000000c2b00000)
 Metaspace       used 6150K, capacity 7028K, committed 7296K, reserved 1056768K
  class space    used 603K, capacity 620K, committed 640K, reserved 1048576K
Event: 11.720 GC heap after
Heap after GC invocations=3 (full 0):
 PSYoungGen      total 18944K, used 2551K [0x00000000eab00000, 0x00000000ed000000, 0x0000000100000000)
  eden space 16384K, 0% used [0x00000000eab00000,0x00000000eab00000,0x00000000ebb00000)
  from space 2560K, 99% used [0x00000000ebb00000,0x00000000ebd7df00,0x00000000ebd80000)
  to   space 2560K, 0% used [0x00000000ecd80000,0x00000000ecd80000,0x00000000ed000000)
 ParOldGen       total 44032K, used 6519K [0x00000000c0000000, 0x00000000c2b00000, 0x00000000eab00000)
  object space 44032K, 14% used [0x00000000c0000000,0x00000000c065dc10,0x00000000c2b00000)
 Metaspace       used 6150K, capacity 7028K, committed 7296K, reserved 1056768K
  class space    used 603K, capacity 620K, committed 640K, reserved 1048576K
}
Event: 13.144 GC heap before
{Heap before GC invocations=4 (full 0):
 PSYoungGen      total 18944K, used 18935K [0x00000000eab00000, 0x00000000ed000000, 0x0000000100000000)
  eden space 16384K, 100% used [0x00000000eab00000,0x00000000ebb00000,0x00000000ebb00000)
  from space 2560K, 99% used [0x00000000ebb00000,0x00000000ebd7df00,0x00000000ebd80000)
  to   space 2560K, 0% used [0x00000000ecd80000,0x00000000ecd80000,0x00000000ed000000)
 ParOldGen       total 44032K, used 6519K [0x00000000c0000000, 0x00000000c2b00000, 0x00000000eab00000)
  object space 44032K, 14% used [0x00000000c0000000,0x00000000c065dc10,0x00000000c2b00000)
 Metaspace       used 6188K, capacity 7092K, committed 7296K, reserved 1056768K
  class space    used 603K, capacity 620K, committed 640K, reserved 1048576K
Event: 13.257 GC heap after
Heap after GC invocations=4 (full 0):
 PSYoungGen      total 35328K, used 2552K [0x00000000eab00000, 0x00000000ed000000, 0x0000000100000000)
  eden space 32768K, 0% used [0x00000000eab00000,0x00000000eab00000,0x00000000ecb00000)
  from space 2560K, 99% used [0x00000000ecd80000,0x00000000ecffe348,0x00000000ed000000)
  to   space 2560K, 0% used [0x00000000ecb00000,0x00000000ecb00000,0x00000000ecd80000)
 ParOldGen       total 44032K, used 9091K [0x00000000c0000000, 0x00000000c2b00000, 0x00000000eab00000)
  object space 44032K, 20% used [0x00000000c0000000,0x00000000c08e0c28,0x00000000c2b00000)
 Metaspace       used 6188K, capacity 7092K, committed 7296K, reserved 1056768K
  class space    used 603K, capacity 620K, committed 640K, reserved 1048576K
}
Event: 14.764 GC heap before
{Heap before GC invocations=5 (full 0):
 PSYoungGen      total 35328K, used 35320K [0x00000000eab00000, 0x00000000ed000000, 0x0000000100000000)
  eden space 32768K, 100% used [0x00000000eab00000,0x00000000ecb00000,0x00000000ecb00000)
  from space 2560K, 99% used [0x00000000ecd80000,0x00000000ecffe348,0x00000000ed000000)
  to   space 2560K, 0% used [0x00000000ecb00000,0x00000000ecb00000,0x00000000ecd80000)
 ParOldGen       total 44032K, used 9091K [0x00000000c0000000, 0x00000000c2b00000, 0x00000000eab00000)
  object space 44032K, 20% used [0x00000000c0000000,0x00000000c08e0c28,0x00000000c2b00000)
 Metaspace       used 6329K, capacity 7128K, committed 7424K, reserved 1056768K
  class space    used 624K, capacity 656K, committed 768K, reserved 1048576K
Event: 14.819 GC heap after
Heap after GC invocations=5 (full 0):
 PSYoungGen      total 35328K, used 2541K [0x00000000eab00000, 0x00000000efb00000, 0x0000000100000000)
  eden space 32768K, 0% used [0x00000000eab00000,0x00000000eab00000,0x00000000ecb00000)
  from space 2560K, 99% used [0x00000000ecb00000,0x00000000ecd7b418,0x00000000ecd80000)
  to   space 8192K, 0% used [0x00000000ef300000,0x00000000ef300000,0x00000000efb00000)
 ParOldGen       total 44032K, used 14560K [0x00000000c0000000, 0x00000000c2b00000, 0x00000000eab00000)
  object space 44032K, 33% used [0x00000000c0000000,0x00000000c0e38018,0x00000000c2b00000)
 Metaspace       used 6329K, capacity 7128K, committed 7424K, reserved 1056768K
  class space    used 624K, capacity 656K, committed 768K, reserved 1048576K
}
Event: 15.597 GC heap before
{Heap before GC invocations=6 (full 0):
 PSYoungGen      total 35328K, used 35309K [0x00000000eab00000, 0x00000000efb00000, 0x0000000100000000)
  eden space 32768K, 100% used [0x00000000eab00000,0x00000000ecb00000,0x00000000ecb00000)
  from space 2560K, 99% used [0x00000000ecb00000,0x00000000ecd7b418,0x00000000ecd80000)
  to   space 8192K, 0% used [0x00000000ef300000,0x00000000ef300000,0x00000000efb00000)
 ParOldGen       total 44032K, used 14560K [0x00000000c0000000, 0x00000000c2b00000, 0x00000000eab00000)
  object space 44032K, 33% used [0x00000000c0000000,0x00000000c0e38018,0x00000000c2b00000)
 Metaspace       used 6344K, capacity 7128K, committed 7424K, reserved 1056768K
  class space    used 624K, capacity 656K, committed 768K, reserved 1048576K
Event: 15.705 GC heap after
Heap after GC invocations=6 (full 0):
 PSYoungGen      total 73216K, used 7383K [0x00000000eab00000, 0x00000000efc00000, 0x0000000100000000)
  eden space 65024K, 0% used [0x00000000eab00000,0x00000000eab00000,0x00000000eea80000)
  from space 8192K, 90% used [0x00000000ef300000,0x00000000efa35e98,0x00000000efb00000)
  to   space 8704K, 0% used [0x00000000eea80000,0x00000000eea80000,0x00000000ef300000)
 ParOldGen       total 44032K, used 14560K [0x00000000c0000000, 0x00000000c2b00000, 0x00000000eab00000)
  object space 44032K, 33% used [0x00000000c0000000,0x00000000c0e38018,0x00000000c2b00000)
 Metaspace       used 6344K, capacity 7128K, committed 7424K, reserved 1056768K
  class space    used 624K, capacity 656K, committed 768K, reserved 1048576K
}
Event: 17.035 GC heap before
{Heap before GC invocations=7 (full 0):
 PSYoungGen      total 73216K, used 72407K [0x00000000eab00000, 0x00000000efc00000, 0x0000000100000000)
  eden space 65024K, 100% used [0x00000000eab00000,0x00000000eea80000,0x00000000eea80000)
  from space 8192K, 90% used [0x00000000ef300000,0x00000000efa35e98,0x00000000efb00000)
  to   space 8704K, 0% used [0x00000000eea80000,0x00000000eea80000,0x00000000ef300000)
 ParOldGen       total 44032K, used 14560K [0x00000000c0000000, 0x00000000c2b00000, 0x00000000eab00000)
  object space 44032K, 33% used [0x00000000c0000000,0x00000000c0e38018,0x00000000c2b00000)
 Metaspace       used 6377K, capacity 7192K, committed 7424K, reserved 1056768K
  class space    used 624K, capacity 656K, committed 768K, reserved 1048576K
Event: 17.103 GC heap after
Heap after GC invocations=7 (full 0):
 PSYoungGen      total 73728K, used 8691K [0x00000000eab00000, 0x00000000f4500000, 0x0000000100000000)
  eden space 65024K, 0% used [0x00000000eab00000,0x00000000eab00000,0x00000000eea80000)
  from space 8704K, 99% used [0x00000000eea80000,0x00000000ef2fce60,0x00000000ef300000)
  to   space 13824K, 0% used [0x00000000f3780000,0x00000000f3780000,0x00000000f4500000)
 ParOldGen       total 44032K, used 22130K [0x00000000c0000000, 0x00000000c2b00000, 0x00000000eab00000)
  object space 44032K, 50% used [0x00000000c0000000,0x00000000c159cb88,0x00000000c2b00000)
 Metaspace       used 6377K, capacity 7192K, committed 7424K, reserved 1056768K
  class space    used 624K, capacity 656K, committed 768K, reserved 1048576K
}

Deoptimization events (10 events):
Event: 19.465 Thread 0x0000000016453800 Uncommon trap: reason=unstable_if action=reinterpret pc=0x0000000002355b84 method=com.android.dx.dex.file.DebugInfoEncoder.emitLocalsAtAddress(I)I @ 137
Event: 19.477 Thread 0x0000000016453800 Uncommon trap: reason=unstable_if action=reinterpret pc=0x000000000239e0dc method=com.android.dx.util.ByteArrayAnnotatedOutput.ensureCapacity(I)V @ 6
Event: 19.485 Thread 0x0000000016453800 Uncommon trap: reason=unstable_if action=reinterpret pc=0x000000000237e504 method=com.android.dx.util.ByteArrayAnnotatedOutput.writeByte(I)V @ 13
Event: 19.619 Thread 0x0000000016453800 Uncommon trap: reason=unstable_if action=reinterpret pc=0x00000000023d414c method=com.android.dx.util.ByteArrayAnnotatedOutput.writeByte(I)V @ 13
Event: 19.686 Thread 0x0000000016453800 Uncommon trap: reason=unstable_if action=reinterpret pc=0x0000000002b0e3d0 method=java.lang.String.indexOf([CII[CIII)I @ 3
Event: 19.686 Thread 0x0000000016453800 Uncommon trap: reason=unstable_if action=reinterpret pc=0x00000000024ba52c method=java.util.Arrays.copyOf([Ljava/lang/Object;ILjava/lang/Class;)[Ljava/lang/Object; @ 3
Event: 19.687 Thread 0x0000000016453800 Uncommon trap: reason=speculate_class_check action=maybe_recompile pc=0x0000000002743294 method=java.util.HashMap.putVal(ILjava/lang/Object;Ljava/lang/Object;ZZ)Ljava/lang/Object; @ 56
Event: 19.687 Thread 0x0000000016453800 Uncommon trap: reason=speculate_class_check action=maybe_recompile pc=0x0000000002743300 method=java.util.HashMap.putVal(ILjava/lang/Object;Ljava/lang/Object;ZZ)Ljava/lang/Object; @ 152
Event: 19.688 Thread 0x0000000016453800 Uncommon trap: reason=speculate_class_check action=maybe_recompile pc=0x0000000002743294 method=java.util.HashMap.putVal(ILjava/lang/Object;Ljava/lang/Object;ZZ)Ljava/lang/Object; @ 56
Event: 19.688 Thread 0x0000000016453800 Uncommon trap: reason=speculate_class_check action=maybe_recompile pc=0x0000000002743294 method=java.util.HashMap.putVal(ILjava/lang/Object;Ljava/lang/Object;ZZ)Ljava/lang/Object; @ 56

Internal exceptions (7 events):
Event: 1.662 Thread 0x0000000002091000 Exception <a 'java/lang/NoSuchMethodError': Method sun.misc.Unsafe.defineClass(Ljava/lang/String;[BII)Ljava/lang/Class; name or signature does not match> (0x00000000eab07cc0) thrown at [C:\re\workspace\8-2-build-windows-amd64-cygwin\jdk8u91\6644\hotspot\sri.wØ˜ú?
Event: 1.662 Thread 0x0000000002091000 Exception <a 'java/lang/NoSuchMethodError': Method sun.misc.Unsafe.prefetchRead(Ljava/lang/Object;J)V name or signature does not match> (0x00000000eab07fa8) thrown at [C:\re\workspace\8-2-build-windows-amd64-cygwin\jdk8u91\6644\hotspot\src\share\vm\prims\jùÿEEE*@
Event: 13.004 Thread 0x000000001645a800 Implicit null exception at 0x000000000249a92e to 0x000000000249c319
Event: 13.524 Thread 0x000000001644e800 Implicit null exception at 0x00000000024478ad to 0x0000000002449111
Event: 13.672 Thread 0x000000001645a800 Exception <a 'java/lang/ArrayIndexOutOfBoundsException': 18> (0x00000000ec098180) thrown at [C:\re\workspace\8-2-build-windows-amd64-cygwin\jdk8u91\6644\hotspot\src\share\vm\interpreter\interpreterRuntime.cpp, line 366]
Event: 13.672 Thread 0x000000001645a800 Exception <a 'java/lang/ArrayIndexOutOfBoundsException'> (0x00000000ec099d00) thrown at [C:\re\workspace\8-2-build-windows-amd64-cygwin\jdk8u91\6644\hotspot\src\share\vm\runtime\sharedRuntime.cpp, line 605]
Event: 13.673 Thread 0x000000001645a800 Exception <a 'java/lang/ArrayIndexOutOfBoundsException'> (0x00000000ec09afe8) thrown at [C:\re\workspace\8-2-build-windows-amd64-cygwin\jdk8u91\6644\hotspot\src\share\vm\runtime\sharedRuntime.cpp, line 605]

Events (10 events):
Event: 19.696 loading class java/security/MessageDigest$Delegate done
Event: 19.696 loading class sun/security/provider/ByteArrayAccess
Event: 19.696 loading class sun/security/provider/ByteArrayAccess done
Event: 19.739 Thread 0x0000000016453800 DEOPT PACKING pc=0x00000000022ccb7e sp=0x000000001a54ec70
Event: 19.739 Thread 0x0000000016453800 DEOPT UNPACKING pc=0x00000000021d787f sp=0x000000001a54e988 mode 0
Event: 19.739 loading class java/util/zip/Adler32
Event: 19.739 loading class java/util/zip/Adler32 done
Event: 19.742 Executing VM operation: RevokeBias
Event: 19.742 Executing VM operation: RevokeBias done
Event: 19.742 Thread 0x0000000016453800 Thread exited: 0x0000000016453800


Dynamic libraries:
0x00007ff7e74c0000 - 0x00007ff7e74f7000 	C:\Program Files\Java\jdk1.8.0_91\bin\java.exe
0x00007ffe10570000 - 0x00007ffe10731000 	C:\WINDOWS\SYSTEM32\ntdll.dll
0x00007ffe0fba0000 - 0x00007ffe0fc4d000 	C:\WINDOWS\system32\KERNEL32.DLL
0x00007ffe0cd20000 - 0x00007ffe0cf08000 	C:\WINDOWS\system32\KERNELBASE.dll
0x00007ffe10020000 - 0x00007ffe100c7000 	C:\WINDOWS\system32\ADVAPI32.dll
0x00007ffe0d970000 - 0x00007ffe0da0d000 	C:\WINDOWS\system32\msvcrt.dll
0x00007ffe0feb0000 - 0x00007ffe0ff0b000 	C:\WINDOWS\system32\sechost.dll
0x00007ffe0f910000 - 0x00007ffe0fa2c000 	C:\WINDOWS\system32\RPCRT4.dll
0x00007ffe0f7b0000 - 0x00007ffe0f906000 	C:\WINDOWS\system32\USER32.dll
0x00007ffe0da20000 - 0x00007ffe0dba6000 	C:\WINDOWS\system32\GDI32.dll
0x00007ffdfb570000 - 0x00007ffdfb7e4000 	C:\WINDOWS\WinSxS\amd64_microsoft.windows.common-controls_6595b64144ccf1df_6.0.10586.0_none_8c15ae12515e1c22\COMCTL32.dll
0x00007ffe10140000 - 0x00007ffe103bd000 	C:\WINDOWS\system32\combase.dll
0x00007ffe0d7c0000 - 0x00007ffe0d82a000 	C:\WINDOWS\system32\bcryptPrimitives.dll
0x00007ffe0e1f0000 - 0x00007ffe0e22b000 	C:\WINDOWS\system32\IMM32.DLL
0x0000000065e90000 - 0x0000000065f62000 	C:\Program Files\Java\jdk1.8.0_91\jre\bin\msvcr100.dll
0x00000000666f0000 - 0x0000000066f83000 	C:\Program Files\Java\jdk1.8.0_91\jre\bin\server\jvm.dll
0x00007ffe0fb90000 - 0x00007ffe0fb98000 	C:\WINDOWS\system32\PSAPI.DLL
0x00007ffdf6d00000 - 0x00007ffdf6d09000 	C:\WINDOWS\SYSTEM32\WSOCK32.dll
0x00007ffe100d0000 - 0x00007ffe1013b000 	C:\WINDOWS\system32\WS2_32.dll
0x00007ffe0adb0000 - 0x00007ffe0add3000 	C:\WINDOWS\SYSTEM32\WINMM.dll
0x00007ffe030e0000 - 0x00007ffe030ea000 	C:\WINDOWS\SYSTEM32\VERSION.dll
0x00007ffe0ad10000 - 0x00007ffe0ad3c000 	C:\WINDOWS\SYSTEM32\WINMMBASE.dll
0x00007ffe0ccd0000 - 0x00007ffe0cd13000 	C:\WINDOWS\system32\cfgmgr32.dll
0x00000000666e0000 - 0x00000000666ef000 	C:\Program Files\Java\jdk1.8.0_91\jre\bin\verify.dll
0x00000000666b0000 - 0x00000000666d9000 	C:\Program Files\Java\jdk1.8.0_91\jre\bin\java.dll
0x0000000066690000 - 0x00000000666a6000 	C:\Program Files\Java\jdk1.8.0_91\jre\bin\zip.dll
0x00007ffe0e230000 - 0x00007ffe0f78c000 	C:\WINDOWS\system32\SHELL32.dll
0x00007ffe0cfa0000 - 0x00007ffe0d5e4000 	C:\WINDOWS\system32\windows.storage.dll
0x00007ffe0fc50000 - 0x00007ffe0fca2000 	C:\WINDOWS\system32\shlwapi.dll
0x00007ffe0cc10000 - 0x00007ffe0cc1f000 	C:\WINDOWS\system32\kernel.appcore.dll
0x00007ffe0d8b0000 - 0x00007ffe0d965000 	C:\WINDOWS\system32\shcore.dll
0x00007ffe0cb90000 - 0x00007ffe0cbdb000 	C:\WINDOWS\system32\powrprof.dll
0x00007ffe0cbf0000 - 0x00007ffe0cc04000 	C:\WINDOWS\system32\profapi.dll

VM Arguments:
jvm_args: -Djava.awt.headless=true -Xmx1024M -Dfile.encoding=windows-1252 -Duser.country=BR -Duser.language=pt -Duser.variant 
java_command: com.android.dx.command.Main --dex --force-jumbo --num-threads=4 --multi-dex --output C:\Users\Armando\AndroidStudioProjects\LayoutCardView\app\build\intermediates\transforms\dex\debug\folders\1000\10\com.android.support-recyclerview-v7-23.4.0_6696e952b3e75a316b4e6299a38cec750bbc456f C:\Users\Armando\AndroidStudioProjects\LayoutCardView\app\build\intermediates\exploded-aar\com.android.support\recyclerview-v7\23.4.0\jars\classes.jar
java_class_path (initial): C:\Users\Armando\AppData\Local\Android\sdk\build-tools\23.0.3\lib\dx.jar
Launcher Type: SUN_STANDARD

Environment Variables:
JAVA_HOME=C:\Program Files (x86)\Java\jre1.8.0_91
PATH=C:\ProgramData\Oracle\Java\javapath;C:\WINDOWS\system32;C:\WINDOWS;C:\WINDOWS\System32\Wbem;C:\WINDOWS\System32\WindowsPowerShell\v1.0\;C:\Program Files (x86)\Skype\Phone\;C:\Program Files (x86)\QuickTime\QTSystem\;C:\Program Files (x86)\Windows Live\Shared;C:\Program Files\VisualSVN Server\bin;C:\Program Files (x86)\Google\Chrome\Application;C:\ProgramData\Oracle\Java\javapath;C:\WINDOWS\system32;C:\WINDOWS;C:\WINDOWS\System32\Wbem;C:\WINDOWS\System32\WindowsPowerShell\v1.0\;C:\Program Files (x86)\Skype\Phone\;C:\Program Files (x86)\QuickTime\QTSystem\;C:\Program Files (x86)\Windows Live\Shared;C:\Program Files\VisualSVN Server\bin;C:\Program Files\Microsoft Office\root\Client
USERNAME=Armando
OS=Windows_NT
PROCESSOR_IDENTIFIER=Intel64 Family 6 Model 69 Stepping 1, GenuineIntel



---------------  S Y S T E M  ---------------

OS: Windows 10.0 , 64 bit Build 10586 (10.0.10586.0)

CPU:total 4 (2 cores per cpu, 2 threads per core) family 6 model 69 stepping 1, cmov, cx8, fxsr, mmx, sse, sse2, sse3, ssse3, sse4.1, sse4.2, popcnt, avx, avx2, aes, clmul, erms, lzcnt, ht, tsc, tscinvbit, bmi1, bmi2

Memory: 4k page, physical 4112424k(414808k free), swap 10190704k(2428k free)

vm_info: Java HotSpot(TM) 64-Bit Server VM (25.91-b14) for windows-amd64 JRE (1.8.0_91-b14), built on Apr  1 2016 00:58:32 by "java_re" with MS VC++ 10.0 (VS2010)

time: Wed Jun 01 22:48:54 2016
elapsed time: 19 seconds (0d 0h 0m 19s)

